e:\assembly_game\assembly_game\debug\play.obj
e:\assembly_game\assembly_game\debug\ui.obj
e:\assembly_game\assembly_game\debug\var.obj
e:\assembly_game\assembly_game\debug\main.obj
e:\assembly_game\debug\assembly_game.pdb
e:\assembly_game\debug\assembly_game.exe
e:\assembly_game\assembly_game\debug\assembly_game.tlog\link.25632.delete.1.tlog
e:\assembly_game\assembly_game\debug\assembly_game.tlog\link.2596.delete.1.tlog
e:\assembly_game\assembly_game\debug\assembly_game.tlog\link.26976.delete.1.tlog
e:\assembly_game\assembly_game\debug\assembly_game.tlog\link.27408.delete.1.tlog
e:\assembly_game\assembly_game\debug\assembly_game.tlog\link.28364.delete.1.tlog
e:\assembly_game\assembly_game\debug\assembly_game.tlog\link.33248.delete.1.tlog
e:\assembly_game\assembly_game\debug\assembly_game.tlog\link.34160.delete.1.tlog
e:\assembly_game\assembly_game\debug\assembly_game.tlog\link.36356.delete.1.tlog
e:\assembly_game\assembly_game\debug\assembly_game.tlog\link.36912.delete.1.tlog
e:\assembly_game\assembly_game\debug\assembly_game.tlog\link.38348.delete.1.tlog
e:\assembly_game\assembly_game\debug\assembly_game.tlog\link.38712.delete.1.tlog
e:\assembly_game\assembly_game\debug\assembly_game.tlog\link.command.1.tlog
e:\assembly_game\assembly_game\debug\assembly_game.tlog\link.read.1.tlog
e:\assembly_game\assembly_game\debug\assembly_game.tlog\link.write.1.tlog
e:\assembly_game\assembly_game\debug\assembly_game.tlog\masm.read.1u.tlog
e:\assembly_game\assembly_game\debug\assembly_game.tlog\masm.write.1u.tlog
