\BOOKMARK [0][-]{chapter.1}{\376\377\156\070\142\017\116\313\176\315}{}% 1
\BOOKMARK [1][-]{section.1.1}{\376\377\134\017\176\304\142\020\124\130}{chapter.1}% 2
\BOOKMARK [0][-]{chapter.2}{\376\377\137\000\123\321\163\257\130\203}{}% 3
\BOOKMARK [0][-]{chapter.3}{\376\377\213\276\213\241\140\035\215\357\123\312\133\236\163\260\217\307\172\013}{}% 4
\BOOKMARK [1][-]{section.3.1}{\376\377\172\013\136\217\145\164\117\123\150\106\147\266}{chapter.3}% 5
\BOOKMARK [1][-]{section.3.2}{\376\377\213\276\213\241\140\035\215\357\124\214\133\236\163\260\217\307\172\013}{chapter.3}% 6
\BOOKMARK [2][-]{subsection.3.2.1}{\376\377\230\165\227\142\215\363\217\154\220\073\217\221}{section.3.2}% 7
\BOOKMARK [2][-]{subsection.3.2.2}{\376\377\126\376\162\107\143\322\121\145\220\073\217\221\124\214\126\376\162\107\122\007\143\142\220\073\217\221}{section.3.2}% 8
\BOOKMARK [2][-]{subsection.3.2.3}{\376\377\116\272\162\151\124\214\133\120\137\071\171\373\122\250\220\073\217\221}{section.3.2}% 9
\BOOKMARK [2][-]{subsection.3.2.4}{\376\377\220\123\121\167\122\237\200\375\220\073\217\221}{section.3.2}% 10
\BOOKMARK [2][-]{subsection.3.2.5}{\376\377\133\120\137\071\134\004\116\055\122\044\133\232\220\073\217\221}{section.3.2}% 11
\BOOKMARK [2][-]{subsection.3.2.6}{\376\377\116\213\116\366\124\315\136\224\220\073\217\221}{section.3.2}% 12
\BOOKMARK [1][-]{section.3.3}{\376\377\142\200\147\057\116\256\160\271}{chapter.3}% 13
\BOOKMARK [0][-]{chapter.4}{\376\377\163\251\133\266\142\113\121\214}{}% 14
\BOOKMARK [1][-]{section.4.1}{\376\377\217\320\210\114\124\214\123\170\217\175\145\271\137\017}{chapter.4}% 15
\BOOKMARK [2][-]{subsection.4.1.1}{\376\377\117\177\165\050\000V\000S\217\320\210\114\230\171\166\356}{section.4.1}% 16
\BOOKMARK [2][-]{subsection.4.1.2}{\376\377\117\177\165\050\133\211\210\305\172\013\136\217\217\320\210\114\230\171\166\356}{section.4.1}% 17
\BOOKMARK [2][-]{subsection.4.1.3}{\376\377\117\177\165\050\133\211\210\305\172\013\136\217\123\170\217\175\156\070\142\017}{section.4.1}% 18
\BOOKMARK [1][-]{section.4.2}{\376\377\217\320\210\114\145\110\147\234\116\016\122\237\200\375\213\364\146\016}{chapter.4}% 19
\BOOKMARK [0][-]{chapter.5}{\376\377\140\073\176\323\137\303\137\227}{}% 20
\BOOKMARK [1][-]{section.5.1}{\376\377\173\200\211\201\137\000\123\321\202\202\160\271}{chapter.5}% 21
\BOOKMARK [1][-]{section.5.2}{\376\377\134\017\176\304\116\272\124\130\122\006\135\345}{chapter.5}% 22
\BOOKMARK [1][-]{section.5.3}{\376\377\134\017\176\304\142\020\124\130\137\303\137\227}{chapter.5}% 23
\BOOKMARK [2][-]{subsection.5.3.1}{\376\377\163\213\134\251}{section.5.3}% 24
\BOOKMARK [2][-]{subsection.5.3.2}{\376\377\147\150\154\166\225\046}{section.5.3}% 25
\BOOKMARK [2][-]{subsection.5.3.3}{\376\377\124\064\116\000\121\341}{section.5.3}% 26
\BOOKMARK [2][-]{subsection.5.3.4}{\376\377\204\231\140\035\155\001}{section.5.3}% 27
\BOOKMARK [1][-]{section.5.4}{\376\377\116\015\215\263\124\214\134\125\147\033}{chapter.5}% 28
\BOOKMARK [1][-]{section.5.5}{\376\377\121\231\127\050\147\000\124\016}{chapter.5}% 29
